{"C:\\Users\\chris\\workspace\\mkeditor\\src\\browser\\util.ts": {"path":"C:\\Users\\chris\\workspace\\mkeditor\\src\\browser\\util.ts","statementMap":{"0":{"start":{"line":28,"column":0},"end":{"line":28,"column":16}},"1":{"start":{"line":52,"column":0},"end":{"line":52,"column":16}},"2":{"start":{"line":62,"column":0},"end":{"line":62,"column":16}},"3":{"start":{"line":76,"column":0},"end":{"line":76,"column":16}},"4":{"start":{"line":101,"column":0},"end":{"line":101,"column":16}},"5":{"start":{"line":113,"column":0},"end":{"line":113,"column":16}},"6":{"start":{"line":127,"column":0},"end":{"line":127,"column":16}},"7":{"start":{"line":149,"column":0},"end":{"line":149,"column":16}},"8":{"start":{"line":153,"column":0},"end":{"line":153,"column":16}},"9":{"start":{"line":168,"column":0},"end":{"line":168,"column":16}},"10":{"start":{"line":13,"column":13},"end":{"line":19,"column":2}},"11":{"start":{"line":14,"column":29},"end":{"line":14,"column":67}},"12":{"start":{"line":15,"column":24},"end":{"line":15,"column":48}},"13":{"start":{"line":16,"column":23},"end":{"line":16,"column":46}},"14":{"start":{"line":17,"column":23},"end":{"line":17,"column":46}},"15":{"start":{"line":18,"column":24},"end":{"line":18,"column":48}},"16":{"start":{"line":32,"column":31},"end":{"line":32,"column":35}},"17":{"start":{"line":33,"column":2},"end":{"line":42,"column":4}},"18":{"start":{"line":34,"column":4},"end":{"line":36,"column":5}},"19":{"start":{"line":35,"column":6},"end":{"line":35,"column":35}},"20":{"start":{"line":38,"column":4},"end":{"line":41,"column":13}},"21":{"start":{"line":39,"column":6},"end":{"line":39,"column":21}},"22":{"start":{"line":40,"column":6},"end":{"line":40,"column":18}},"23":{"start":{"line":53,"column":2},"end":{"line":53,"column":59}},"24":{"start":{"line":63,"column":15},"end":{"line":66,"column":38}},"25":{"start":{"line":68,"column":2},"end":{"line":68,"column":53}},"26":{"start":{"line":77,"column":14},"end":{"line":77,"column":18}},"27":{"start":{"line":78,"column":15},"end":{"line":78,"column":17}},"28":{"start":{"line":79,"column":15},"end":{"line":79,"column":17}},"29":{"start":{"line":81,"column":2},"end":{"line":91,"column":3}},"30":{"start":{"line":82,"column":4},"end":{"line":84,"column":5}},"31":{"start":{"line":83,"column":6},"end":{"line":83,"column":44}},"32":{"start":{"line":86,"column":4},"end":{"line":86,"column":47}},"33":{"start":{"line":88,"column":4},"end":{"line":90,"column":5}},"34":{"start":{"line":89,"column":6},"end":{"line":89,"column":20}},"35":{"start":{"line":93,"column":2},"end":{"line":93,"column":48}},"36":{"start":{"line":102,"column":24},"end":{"line":102,"column":40}},"37":{"start":{"line":103,"column":2},"end":{"line":103,"column":55}},"38":{"start":{"line":103,"column":38},"end":{"line":103,"column":55}},"39":{"start":{"line":104,"column":2},"end":{"line":104,"column":53}},"40":{"start":{"line":104,"column":38},"end":{"line":104,"column":53}},"41":{"start":{"line":105,"column":2},"end":{"line":105,"column":55}},"42":{"start":{"line":105,"column":40},"end":{"line":105,"column":55}},"43":{"start":{"line":114,"column":2},"end":{"line":119,"column":3}},"44":{"start":{"line":118,"column":4},"end":{"line":118,"column":54}},"45":{"start":{"line":121,"column":2},"end":{"line":121,"column":15}},"46":{"start":{"line":134,"column":2},"end":{"line":134,"column":48}},"47":{"start":{"line":150,"column":2},"end":{"line":150,"column":43}},"48":{"start":{"line":154,"column":17},"end":{"line":154,"column":28}},"49":{"start":{"line":155,"column":2},"end":{"line":157,"column":3}},"50":{"start":{"line":156,"column":4},"end":{"line":156,"column":22}},"51":{"start":{"line":159,"column":2},"end":{"line":159,"column":18}},"52":{"start":{"line":172,"column":2},"end":{"line":172,"column":56}},"53":{"start":{"line":174,"column":2},"end":{"line":176,"column":3}},"54":{"start":{"line":175,"column":4},"end":{"line":175,"column":43}},"55":{"start":{"line":178,"column":2},"end":{"line":178,"column":49}},"56":{"start":{"line":179,"column":2},"end":{"line":179,"column":58}}},"fnMap":{"0":{"name":"(anonymous_0)","decl":{"start":{"line":14,"column":7},"end":{"line":14,"column":8}},"loc":{"start":{"line":14,"column":29},"end":{"line":14,"column":67}}},"1":{"name":"(anonymous_1)","decl":{"start":{"line":15,"column":9},"end":{"line":15,"column":10}},"loc":{"start":{"line":15,"column":24},"end":{"line":15,"column":48}}},"2":{"name":"(anonymous_2)","decl":{"start":{"line":16,"column":8},"end":{"line":16,"column":9}},"loc":{"start":{"line":16,"column":23},"end":{"line":16,"column":46}}},"3":{"name":"(anonymous_3)","decl":{"start":{"line":17,"column":8},"end":{"line":17,"column":9}},"loc":{"start":{"line":17,"column":23},"end":{"line":17,"column":46}}},"4":{"name":"(anonymous_4)","decl":{"start":{"line":18,"column":9},"end":{"line":18,"column":10}},"loc":{"start":{"line":18,"column":24},"end":{"line":18,"column":48}}},"5":{"name":"debounce","decl":{"start":{"line":28,"column":16},"end":{"line":28,"column":24}},"loc":{"start":{"line":30,"column":14},"end":{"line":43,"column":1}}},"6":{"name":"(anonymous_6)","decl":{"start":{"line":33,"column":9},"end":{"line":33,"column":10}},"loc":{"start":{"line":33,"column":36},"end":{"line":42,"column":3}}},"7":{"name":"(anonymous_7)","decl":{"start":{"line":38,"column":32},"end":{"line":38,"column":35}},"loc":{"start":{"line":38,"column":37},"end":{"line":41,"column":5}}},"8":{"name":"randomNumber","decl":{"start":{"line":52,"column":16},"end":{"line":52,"column":28}},"loc":{"start":{"line":52,"column":53},"end":{"line":54,"column":1}}},"9":{"name":"getTimestamp","decl":{"start":{"line":62,"column":16},"end":{"line":62,"column":28}},"loc":{"start":{"line":62,"column":45},"end":{"line":69,"column":1}}},"10":{"name":"formatHTML","decl":{"start":{"line":76,"column":16},"end":{"line":76,"column":26}},"loc":{"start":{"line":76,"column":39},"end":{"line":94,"column":1}}},"11":{"name":"getOSPlatform","decl":{"start":{"line":101,"column":16},"end":{"line":101,"column":29}},"loc":{"start":{"line":101,"column":29},"end":{"line":106,"column":1}}},"12":{"name":"getExecutionBridge","decl":{"start":{"line":113,"column":16},"end":{"line":113,"column":34}},"loc":{"start":{"line":113,"column":34},"end":{"line":122,"column":1}}},"13":{"name":"selfRender","decl":{"start":{"line":127,"column":16},"end":{"line":127,"column":26}},"loc":{"start":{"line":132,"column":16},"end":{"line":135,"column":1}}},"14":{"name":"basename","decl":{"start":{"line":149,"column":16},"end":{"line":149,"column":24}},"loc":{"start":{"line":149,"column":37},"end":{"line":151,"column":1}}},"15":{"name":"withMdExtension","decl":{"start":{"line":153,"column":16},"end":{"line":153,"column":31}},"loc":{"start":{"line":153,"column":44},"end":{"line":160,"column":1}}},"16":{"name":"syncPreviewToExportSettings","decl":{"start":{"line":168,"column":16},"end":{"line":168,"column":43}},"loc":{"start":{"line":170,"column":19},"end":{"line":180,"column":1}}}},"branchMap":{"0":{"loc":{"start":{"line":13,"column":53},"end":{"line":19,"column":2}},"type":"binary-expr","locations":[{"start":{"line":13,"column":53},"end":{"line":13,"column":66}},{"start":{"line":13,"column":70},"end":{"line":19,"column":2}}]},"1":{"loc":{"start":{"line":34,"column":4},"end":{"line":36,"column":5}},"type":"if","locations":[{"start":{"line":34,"column":4},"end":{"line":36,"column":5}},{"start":{},"end":{}}]},"2":{"loc":{"start":{"line":62,"column":29},"end":{"line":62,"column":45}},"type":"default-arg","locations":[{"start":{"line":62,"column":40},"end":{"line":62,"column":45}}]},"3":{"loc":{"start":{"line":66,"column":18},"end":{"line":66,"column":37}},"type":"cond-expr","locations":[{"start":{"line":66,"column":29},"end":{"line":66,"column":31}},{"start":{"line":66,"column":34},"end":{"line":66,"column":37}}]},"4":{"loc":{"start":{"line":68,"column":9},"end":{"line":68,"column":52}},"type":"cond-expr","locations":[{"start":{"line":68,"column":20},"end":{"line":68,"column":45}},{"start":{"line":68,"column":48},"end":{"line":68,"column":52}}]},"5":{"loc":{"start":{"line":82,"column":4},"end":{"line":84,"column":5}},"type":"if","locations":[{"start":{"line":82,"column":4},"end":{"line":84,"column":5}},{"start":{},"end":{}}]},"6":{"loc":{"start":{"line":88,"column":4},"end":{"line":90,"column":5}},"type":"if","locations":[{"start":{"line":88,"column":4},"end":{"line":90,"column":5}},{"start":{},"end":{}}]},"7":{"loc":{"start":{"line":88,"column":8},"end":{"line":88,"column":72}},"type":"binary-expr","locations":[{"start":{"line":88,"column":8},"end":{"line":88,"column":40}},{"start":{"line":88,"column":44},"end":{"line":88,"column":72}}]},"8":{"loc":{"start":{"line":103,"column":2},"end":{"line":103,"column":55}},"type":"if","locations":[{"start":{"line":103,"column":2},"end":{"line":103,"column":55}},{"start":{},"end":{}}]},"9":{"loc":{"start":{"line":104,"column":2},"end":{"line":104,"column":53}},"type":"if","locations":[{"start":{"line":104,"column":2},"end":{"line":104,"column":53}},{"start":{},"end":{}}]},"10":{"loc":{"start":{"line":105,"column":2},"end":{"line":105,"column":55}},"type":"if","locations":[{"start":{"line":105,"column":2},"end":{"line":105,"column":55}},{"start":{},"end":{}}]},"11":{"loc":{"start":{"line":114,"column":2},"end":{"line":119,"column":3}},"type":"if","locations":[{"start":{"line":114,"column":2},"end":{"line":119,"column":3}},{"start":{},"end":{}}]},"12":{"loc":{"start":{"line":115,"column":4},"end":{"line":116,"column":35}},"type":"binary-expr","locations":[{"start":{"line":115,"column":4},"end":{"line":115,"column":67}},{"start":{"line":116,"column":4},"end":{"line":116,"column":35}}]},"13":{"loc":{"start":{"line":150,"column":9},"end":{"line":150,"column":42}},"type":"binary-expr","locations":[{"start":{"line":150,"column":9},"end":{"line":150,"column":34}},{"start":{"line":150,"column":38},"end":{"line":150,"column":42}}]},"14":{"loc":{"start":{"line":155,"column":2},"end":{"line":157,"column":3}},"type":"if","locations":[{"start":{"line":155,"column":2},"end":{"line":157,"column":3}},{"start":{},"end":{}}]},"15":{"loc":{"start":{"line":174,"column":2},"end":{"line":176,"column":3}},"type":"if","locations":[{"start":{"line":174,"column":2},"end":{"line":176,"column":3}},{"start":{},"end":{}}]}},"s":{"0":1,"1":1,"2":1,"3":1,"4":1,"5":1,"6":1,"7":1,"8":1,"9":1,"10":1,"11":0,"12":0,"13":0,"14":0,"15":0,"16":0,"17":0,"18":0,"19":0,"20":0,"21":0,"22":0,"23":0,"24":0,"25":0,"26":0,"27":0,"28":0,"29":0,"30":0,"31":0,"32":0,"33":0,"34":0,"35":0,"36":0,"37":0,"38":0,"39":0,"40":0,"41":0,"42":0,"43":0,"44":0,"45":0,"46":0,"47":0,"48":0,"49":0,"50":0,"51":0,"52":0,"53":0,"54":0,"55":0,"56":0},"f":{"0":0,"1":0,"2":0,"3":0,"4":0,"5":0,"6":0,"7":0,"8":0,"9":0,"10":0,"11":0,"12":0,"13":0,"14":0,"15":0,"16":0},"b":{"0":[1,1],"1":[0,0],"2":[0],"3":[0,0],"4":[0,0],"5":[0,0],"6":[0,0],"7":[0,0],"8":[0,0],"9":[0,0],"10":[0,0],"11":[0,0],"12":[0,0],"13":[0,0],"14":[0,0],"15":[0,0]}}
,"C:\\Users\\chris\\workspace\\mkeditor\\src\\browser\\core\\BridgeListeners.ts": {"path":"C:\\Users\\chris\\workspace\\mkeditor\\src\\browser\\core\\BridgeListeners.ts","statementMap":{"0":{"start":{"line":24,"column":0},"end":{"line":24,"column":16}},"1":{"start":{"line":1,"column":0},"end":{"line":1,"column":39}},"2":{"start":{"line":11,"column":0},"end":{"line":11,"column":null}},"3":{"start":{"line":15,"column":0},"end":{"line":15,"column":79}},"4":{"start":{"line":16,"column":0},"end":{"line":16,"column":40}},"5":{"start":{"line":17,"column":0},"end":{"line":17,"column":77}},"6":{"start":{"line":18,"column":0},"end":{"line":18,"column":35}},"7":{"start":{"line":19,"column":0},"end":{"line":19,"column":47}},"8":{"start":{"line":33,"column":41},"end":{"line":49,"column":3}},"9":{"start":{"line":34,"column":4},"end":{"line":36,"column":7}},"10":{"start":{"line":38,"column":4},"end":{"line":40,"column":7}},"11":{"start":{"line":42,"column":4},"end":{"line":44,"column":7}},"12":{"start":{"line":46,"column":4},"end":{"line":48,"column":7}},"13":{"start":{"line":54,"column":2},"end":{"line":58,"column":5}},"14":{"start":{"line":55,"column":4},"end":{"line":57,"column":5}},"15":{"start":{"line":56,"column":6},"end":{"line":56,"column":71}},"16":{"start":{"line":63,"column":2},"end":{"line":67,"column":5}},"17":{"start":{"line":64,"column":4},"end":{"line":64,"column":38}},"18":{"start":{"line":65,"column":4},"end":{"line":65,"column":39}},"19":{"start":{"line":66,"column":4},"end":{"line":66,"column":60}},"20":{"start":{"line":72,"column":2},"end":{"line":72,"column":63}},"21":{"start":{"line":72,"column":40},"end":{"line":72,"column":61}},"22":{"start":{"line":73,"column":2},"end":{"line":73,"column":65}},"23":{"start":{"line":73,"column":41},"end":{"line":73,"column":63}},"24":{"start":{"line":74,"column":2},"end":{"line":74,"column":69}},"25":{"start":{"line":74,"column":43},"end":{"line":74,"column":67}},"26":{"start":{"line":75,"column":2},"end":{"line":75,"column":69}},"27":{"start":{"line":75,"column":43},"end":{"line":75,"column":67}},"28":{"start":{"line":78,"column":2},"end":{"line":89,"column":5}},"29":{"start":{"line":79,"column":24},"end":{"line":79,"column":73}},"30":{"start":{"line":80,"column":4},"end":{"line":83,"column":5}},"31":{"start":{"line":81,"column":6},"end":{"line":81,"column":27}},"32":{"start":{"line":82,"column":6},"end":{"line":82,"column":33}},"33":{"start":{"line":84,"column":4},"end":{"line":84,"column":32}},"34":{"start":{"line":88,"column":4},"end":{"line":88,"column":49}},"35":{"start":{"line":88,"column":21},"end":{"line":88,"column":49}},"36":{"start":{"line":92,"column":2},"end":{"line":92,"column":65}},"37":{"start":{"line":92,"column":41},"end":{"line":92,"column":63}},"38":{"start":{"line":101,"column":2},"end":{"line":135,"column":5}},"39":{"start":{"line":102,"column":17},"end":{"line":102,"column":62}},"40":{"start":{"line":103,"column":17},"end":{"line":105,"column":47}},"41":{"start":{"line":107,"column":4},"end":{"line":113,"column":5}},"42":{"start":{"line":109,"column":6},"end":{"line":109,"column":31}},"43":{"start":{"line":110,"column":6},"end":{"line":110,"column":37}},"44":{"start":{"line":111,"column":6},"end":{"line":111,"column":32}},"45":{"start":{"line":112,"column":6},"end":{"line":112,"column":13}},"46":{"start":{"line":118,"column":4},"end":{"line":123,"column":5}},"47":{"start":{"line":119,"column":6},"end":{"line":119,"column":31}},"48":{"start":{"line":120,"column":6},"end":{"line":120,"column":37}},"49":{"start":{"line":121,"column":6},"end":{"line":121,"column":32}},"50":{"start":{"line":122,"column":6},"end":{"line":122,"column":13}},"51":{"start":{"line":126,"column":16},"end":{"line":126,"column":55}},"52":{"start":{"line":127,"column":4},"end":{"line":127,"column":32}},"53":{"start":{"line":128,"column":4},"end":{"line":128,"column":39}},"54":{"start":{"line":129,"column":4},"end":{"line":129,"column":30}},"55":{"start":{"line":130,"column":4},"end":{"line":130,"column":29}},"56":{"start":{"line":132,"column":4},"end":{"line":132,"column":29}},"57":{"start":{"line":133,"column":4},"end":{"line":133,"column":35}},"58":{"start":{"line":134,"column":4},"end":{"line":134,"column":30}},"59":{"start":{"line":139,"column":2},"end":{"line":141,"column":5}},"60":{"start":{"line":140,"column":4},"end":{"line":140,"column":57}},"61":{"start":{"line":144,"column":2},"end":{"line":144,"column":77}},"62":{"start":{"line":144,"column":47},"end":{"line":144,"column":75}},"63":{"start":{"line":148,"column":2},"end":{"line":150,"column":5}},"64":{"start":{"line":149,"column":4},"end":{"line":149,"column":29}},"65":{"start":{"line":158,"column":2},"end":{"line":178,"column":5}},"66":{"start":{"line":159,"column":23},"end":{"line":159,"column":34}},"67":{"start":{"line":160,"column":36},"end":{"line":160,"column":46}},"68":{"start":{"line":161,"column":56},"end":{"line":161,"column":69}},"69":{"start":{"line":162,"column":40},"end":{"line":162,"column":54}},"70":{"start":{"line":164,"column":17},"end":{"line":171,"column":5}},"71":{"start":{"line":165,"column":19},"end":{"line":169,"column":14}},"72":{"start":{"line":170,"column":6},"end":{"line":170,"column":52}},"73":{"start":{"line":170,"column":16},"end":{"line":170,"column":52}},"74":{"start":{"line":173,"column":4},"end":{"line":177,"column":5}},"75":{"start":{"line":174,"column":6},"end":{"line":174,"column":42}},"76":{"start":{"line":176,"column":6},"end":{"line":176,"column":13}},"77":{"start":{"line":181,"column":2},"end":{"line":183,"column":5}},"78":{"start":{"line":182,"column":4},"end":{"line":182,"column":33}},"79":{"start":{"line":191,"column":2},"end":{"line":224,"column":5}},"80":{"start":{"line":192,"column":4},"end":{"line":199,"column":5}},"81":{"start":{"line":193,"column":6},"end":{"line":198,"column":8}},"82":{"start":{"line":200,"column":4},"end":{"line":200,"column":49}},"83":{"start":{"line":200,"column":18},"end":{"line":200,"column":49}},"84":{"start":{"line":207,"column":4},"end":{"line":209,"column":5}},"85":{"start":{"line":208,"column":6},"end":{"line":208,"column":46}},"86":{"start":{"line":210,"column":17},"end":{"line":210,"column":49}},"87":{"start":{"line":211,"column":4},"end":{"line":216,"column":5}},"88":{"start":{"line":214,"column":6},"end":{"line":214,"column":32}},"89":{"start":{"line":215,"column":6},"end":{"line":215,"column":54}},"90":{"start":{"line":220,"column":22},"end":{"line":220,"column":50}},"91":{"start":{"line":221,"column":4},"end":{"line":223,"column":5}},"92":{"start":{"line":222,"column":6},"end":{"line":222,"column":45}},"93":{"start":{"line":229,"column":2},"end":{"line":231,"column":5}},"94":{"start":{"line":230,"column":4},"end":{"line":230,"column":61}},"95":{"start":{"line":235,"column":2},"end":{"line":240,"column":4}},"96":{"start":{"line":238,"column":6},"end":{"line":238,"column":68}}},"fnMap":{"0":{"name":"registerBridgeListeners","decl":{"start":{"line":24,"column":16},"end":{"line":24,"column":39}},"loc":{"start":{"line":31,"column":24},"end":{"line":241,"column":1}}},"1":{"name":"(anonymous_1)","decl":{"start":{"line":33,"column":41},"end":{"line":33,"column":42}},"loc":{"start":{"line":33,"column":68},"end":{"line":49,"column":3}}},"2":{"name":"(anonymous_2)","decl":{"start":{"line":54,"column":35},"end":{"line":54,"column":36}},"loc":{"start":{"line":54,"column":66},"end":{"line":58,"column":3}}},"3":{"name":"(anonymous_3)","decl":{"start":{"line":63,"column":38},"end":{"line":63,"column":39}},"loc":{"start":{"line":63,"column":58},"end":{"line":67,"column":3}}},"4":{"name":"(anonymous_4)","decl":{"start":{"line":72,"column":34},"end":{"line":72,"column":37}},"loc":{"start":{"line":72,"column":40},"end":{"line":72,"column":61}}},"5":{"name":"(anonymous_5)","decl":{"start":{"line":73,"column":35},"end":{"line":73,"column":38}},"loc":{"start":{"line":73,"column":41},"end":{"line":73,"column":63}}},"6":{"name":"(anonymous_6)","decl":{"start":{"line":74,"column":37},"end":{"line":74,"column":40}},"loc":{"start":{"line":74,"column":43},"end":{"line":74,"column":67}}},"7":{"name":"(anonymous_7)","decl":{"start":{"line":75,"column":37},"end":{"line":75,"column":40}},"loc":{"start":{"line":75,"column":43},"end":{"line":75,"column":67}}},"8":{"name":"(anonymous_8)","decl":{"start":{"line":78,"column":39},"end":{"line":78,"column":40}},"loc":{"start":{"line":78,"column":61},"end":{"line":89,"column":3}}},"9":{"name":"(anonymous_9)","decl":{"start":{"line":92,"column":35},"end":{"line":92,"column":38}},"loc":{"start":{"line":92,"column":41},"end":{"line":92,"column":63}}},"10":{"name":"(anonymous_10)","decl":{"start":{"line":101,"column":37},"end":{"line":101,"column":38}},"loc":{"start":{"line":101,"column":65},"end":{"line":135,"column":3}}},"11":{"name":"(anonymous_11)","decl":{"start":{"line":139,"column":38},"end":{"line":139,"column":39}},"loc":{"start":{"line":139,"column":76},"end":{"line":141,"column":3}}},"12":{"name":"(anonymous_12)","decl":{"start":{"line":144,"column":41},"end":{"line":144,"column":44}},"loc":{"start":{"line":144,"column":47},"end":{"line":144,"column":75}}},"13":{"name":"(anonymous_13)","decl":{"start":{"line":148,"column":36},"end":{"line":148,"column":37}},"loc":{"start":{"line":148,"column":56},"end":{"line":150,"column":3}}},"14":{"name":"(anonymous_14)","decl":{"start":{"line":158,"column":46},"end":{"line":158,"column":47}},"loc":{"start":{"line":158,"column":61},"end":{"line":178,"column":3}}},"15":{"name":"(anonymous_15)","decl":{"start":{"line":164,"column":17},"end":{"line":164,"column":20}},"loc":{"start":{"line":164,"column":22},"end":{"line":171,"column":5}}},"16":{"name":"(anonymous_16)","decl":{"start":{"line":181,"column":41},"end":{"line":181,"column":42}},"loc":{"start":{"line":181,"column":66},"end":{"line":183,"column":3}}},"17":{"name":"(anonymous_17)","decl":{"start":{"line":191,"column":41},"end":{"line":191,"column":42}},"loc":{"start":{"line":191,"column":78},"end":{"line":224,"column":3}}},"18":{"name":"(anonymous_18)","decl":{"start":{"line":229,"column":47},"end":{"line":229,"column":50}},"loc":{"start":{"line":229,"column":52},"end":{"line":231,"column":3}}},"19":{"name":"(anonymous_19)","decl":{"start":{"line":237,"column":4},"end":{"line":237,"column":5}},"loc":{"start":{"line":237,"column":52},"end":{"line":239,"column":5}}}},"branchMap":{"0":{"loc":{"start":{"line":35,"column":18},"end":{"line":35,"column":59}},"type":"cond-expr","locations":[{"start":{"line":35,"column":40},"end":{"line":35,"column":50}},{"start":{"line":35,"column":53},"end":{"line":35,"column":59}}]},"1":{"loc":{"start":{"line":39,"column":16},"end":{"line":39,"column":48}},"type":"cond-expr","locations":[{"start":{"line":39,"column":36},"end":{"line":39,"column":40}},{"start":{"line":39,"column":43},"end":{"line":39,"column":48}}]},"2":{"loc":{"start":{"line":43,"column":24},"end":{"line":43,"column":60}},"type":"cond-expr","locations":[{"start":{"line":43,"column":46},"end":{"line":43,"column":51}},{"start":{"line":43,"column":54},"end":{"line":43,"column":60}}]},"3":{"loc":{"start":{"line":55,"column":4},"end":{"line":57,"column":5}},"type":"if","locations":[{"start":{"line":55,"column":4},"end":{"line":57,"column":5}},{"start":{},"end":{}}]},"4":{"loc":{"start":{"line":79,"column":24},"end":{"line":79,"column":73}},"type":"binary-expr","locations":[{"start":{"line":79,"column":24},"end":{"line":79,"column":38}},{"start":{"line":79,"column":42},"end":{"line":79,"column":73}}]},"5":{"loc":{"start":{"line":80,"column":4},"end":{"line":83,"column":5}},"type":"if","locations":[{"start":{"line":80,"column":4},"end":{"line":83,"column":5}},{"start":{},"end":{}}]},"6":{"loc":{"start":{"line":80,"column":8},"end":{"line":80,"column":41}},"type":"binary-expr","locations":[{"start":{"line":80,"column":8},"end":{"line":80,"column":26}},{"start":{"line":80,"column":30},"end":{"line":80,"column":41}}]},"7":{"loc":{"start":{"line":88,"column":4},"end":{"line":88,"column":49}},"type":"if","locations":[{"start":{"line":88,"column":4},"end":{"line":88,"column":49}},{"start":{},"end":{}}]},"8":{"loc":{"start":{"line":102,"column":17},"end":{"line":102,"column":62}},"type":"binary-expr","locations":[{"start":{"line":102,"column":17},"end":{"line":102,"column":21}},{"start":{"line":102,"column":25},"end":{"line":102,"column":62}}]},"9":{"loc":{"start":{"line":103,"column":17},"end":{"line":105,"column":47}},"type":"cond-expr","locations":[{"start":{"line":104,"column":8},"end":{"line":104,"column":22}},{"start":{"line":105,"column":8},"end":{"line":105,"column":47}}]},"10":{"loc":{"start":{"line":107,"column":4},"end":{"line":113,"column":5}},"type":"if","locations":[{"start":{"line":107,"column":4},"end":{"line":113,"column":5}},{"start":{},"end":{}}]},"11":{"loc":{"start":{"line":118,"column":4},"end":{"line":123,"column":5}},"type":"if","locations":[{"start":{"line":118,"column":4},"end":{"line":123,"column":5}},{"start":{},"end":{}}]},"12":{"loc":{"start":{"line":118,"column":8},"end":{"line":118,"column":58}},"type":"binary-expr","locations":[{"start":{"line":118,"column":8},"end":{"line":118,"column":12}},{"start":{"line":118,"column":16},"end":{"line":118,"column":58}}]},"13":{"loc":{"start":{"line":159,"column":23},"end":{"line":159,"column":34}},"type":"binary-expr","locations":[{"start":{"line":159,"column":23},"end":{"line":159,"column":28}},{"start":{"line":159,"column":32},"end":{"line":159,"column":34}}]},"14":{"loc":{"start":{"line":165,"column":19},"end":{"line":169,"column":14}},"type":"cond-expr","locations":[{"start":{"line":166,"column":10},"end":{"line":166,"column":24}},{"start":{"line":167,"column":10},"end":{"line":169,"column":14}}]},"15":{"loc":{"start":{"line":167,"column":10},"end":{"line":169,"column":14}},"type":"cond-expr","locations":[{"start":{"line":168,"column":12},"end":{"line":168,"column":19}},{"start":{"line":169,"column":12},"end":{"line":169,"column":14}}]},"16":{"loc":{"start":{"line":170,"column":6},"end":{"line":170,"column":52}},"type":"if","locations":[{"start":{"line":170,"column":6},"end":{"line":170,"column":52}},{"start":{},"end":{}}]},"17":{"loc":{"start":{"line":170,"column":28},"end":{"line":170,"column":44}},"type":"binary-expr","locations":[{"start":{"line":170,"column":28},"end":{"line":170,"column":34}},{"start":{"line":170,"column":38},"end":{"line":170,"column":44}}]},"18":{"loc":{"start":{"line":173,"column":4},"end":{"line":177,"column":5}},"type":"if","locations":[{"start":{"line":173,"column":4},"end":{"line":177,"column":5}},{"start":{"line":175,"column":11},"end":{"line":177,"column":5}}]},"19":{"loc":{"start":{"line":192,"column":4},"end":{"line":199,"column":5}},"type":"if","locations":[{"start":{"line":192,"column":4},"end":{"line":199,"column":5}},{"start":{},"end":{}}]},"20":{"loc":{"start":{"line":192,"column":8},"end":{"line":192,"column":56}},"type":"binary-expr","locations":[{"start":{"line":192,"column":8},"end":{"line":192,"column":25}},{"start":{"line":192,"column":29},"end":{"line":192,"column":56}}]},"21":{"loc":{"start":{"line":200,"column":4},"end":{"line":200,"column":49}},"type":"if","locations":[{"start":{"line":200,"column":4},"end":{"line":200,"column":49}},{"start":{},"end":{}}]},"22":{"loc":{"start":{"line":207,"column":4},"end":{"line":209,"column":5}},"type":"if","locations":[{"start":{"line":207,"column":4},"end":{"line":209,"column":5}},{"start":{},"end":{}}]},"23":{"loc":{"start":{"line":211,"column":4},"end":{"line":216,"column":5}},"type":"if","locations":[{"start":{"line":211,"column":4},"end":{"line":216,"column":5}},{"start":{},"end":{}}]},"24":{"loc":{"start":{"line":221,"column":4},"end":{"line":223,"column":5}},"type":"if","locations":[{"start":{"line":221,"column":4},"end":{"line":223,"column":5}},{"start":{},"end":{}}]}},"s":{"0":1,"1":1,"2":1,"3":1,"4":1,"5":1,"6":1,"7":1,"8":9,"9":0,"10":0,"11":0,"12":0,"13":9,"14":0,"15":0,"16":9,"17":0,"18":0,"19":0,"20":9,"21":0,"22":9,"23":0,"24":9,"25":0,"26":9,"27":0,"28":9,"29":0,"30":0,"31":0,"32":0,"33":0,"34":0,"35":0,"36":9,"37":0,"38":9,"39":0,"40":0,"41":0,"42":0,"43":0,"44":0,"45":0,"46":0,"47":0,"48":0,"49":0,"50":0,"51":0,"52":0,"53":0,"54":0,"55":0,"56":0,"57":0,"58":0,"59":9,"60":0,"61":9,"62":0,"63":9,"64":0,"65":9,"66":0,"67":0,"68":0,"69":0,"70":0,"71":0,"72":0,"73":0,"74":0,"75":0,"76":0,"77":9,"78":0,"79":9,"80":8,"81":2,"82":8,"83":8,"84":8,"85":7,"86":8,"87":8,"88":1,"89":1,"90":8,"91":8,"92":0,"93":9,"94":1,"95":9,"96":0},"f":{"0":9,"1":0,"2":0,"3":0,"4":0,"5":0,"6":0,"7":0,"8":0,"9":0,"10":0,"11":0,"12":0,"13":0,"14":0,"15":0,"16":0,"17":8,"18":1,"19":0},"b":{"0":[0,0],"1":[0,0],"2":[0,0],"3":[0,0],"4":[0,0],"5":[0,0],"6":[0,0],"7":[0,0],"8":[0,0],"9":[0,0],"10":[0,0],"11":[0,0],"12":[0,0],"13":[0,0],"14":[0,0],"15":[0,0],"16":[0,0],"17":[0,0],"18":[0,0],"19":[2,6],"20":[8,8],"21":[8,0],"22":[7,1],"23":[1,7],"24":[0,8]}}
,"C:\\Users\\chris\\workspace\\mkeditor\\src\\browser\\react\\contexts\\UIStateContext.tsx": {"path":"C:\\Users\\chris\\workspace\\mkeditor\\src\\browser\\react\\contexts\\UIStateContext.tsx","statementMap":{"0":{"start":{"line":56,"column":0},"end":{"line":56,"column":16}},"1":{"start":{"line":69,"column":0},"end":{"line":69,"column":16}},"2":{"start":{"line":82,"column":0},"end":{"line":82,"column":16}},"3":{"start":{"line":86,"column":0},"end":{"line":86,"column":16}},"4":{"start":{"line":172,"column":0},"end":{"line":172,"column":16}},"5":{"start":{"line":1,"column":0},"end":{"line":1,"column":31}},"6":{"start":{"line":23,"column":23},"end":{"line":23,"column":64}},"7":{"start":{"line":51,"column":50},"end":{"line":54,"column":2}},"8":{"start":{"line":57,"column":2},"end":{"line":57,"column":94}},"9":{"start":{"line":67,"column":11},"end":{"line":67,"column":15}},"10":{"start":{"line":70,"column":2},"end":{"line":70,"column":39}},"11":{"start":{"line":80,"column":56},"end":{"line":80,"column":60}},"12":{"start":{"line":83,"column":2},"end":{"line":83,"column":36}},"13":{"start":{"line":87,"column":2},"end":{"line":87,"column":38}},"14":{"start":{"line":90,"column":63},"end":{"line":170,"column":1}},"15":{"start":{"line":96,"column":40},"end":{"line":96,"column":74}},"16":{"start":{"line":97,"column":55},"end":{"line":98,"column":null}},"17":{"start":{"line":100,"column":55},"end":{"line":101,"column":null}},"18":{"start":{"line":107,"column":2},"end":{"line":110,"column":43}},"19":{"start":{"line":108,"column":4},"end":{"line":108,"column":57}},"20":{"start":{"line":109,"column":4},"end":{"line":109,"column":50}},"21":{"start":{"line":116,"column":2},"end":{"line":124,"column":9}},"22":{"start":{"line":117,"column":4},"end":{"line":120,"column":6}},"23":{"start":{"line":118,"column":6},"end":{"line":118,"column":50}},"24":{"start":{"line":119,"column":6},"end":{"line":119,"column":43}},"25":{"start":{"line":121,"column":4},"end":{"line":123,"column":6}},"26":{"start":{"line":122,"column":6},"end":{"line":122,"column":41}},"27":{"start":{"line":126,"column":24},"end":{"line":128,"column":null}},"28":{"start":{"line":127,"column":10},"end":{"line":127,"column":41}},"29":{"start":{"line":127,"column":35},"end":{"line":127,"column":40}},"30":{"start":{"line":131,"column":30},"end":{"line":134,"column":8}},"31":{"start":{"line":132,"column":4},"end":{"line":132,"column":35}},"32":{"start":{"line":133,"column":4},"end":{"line":133,"column":37}},"33":{"start":{"line":136,"column":29},"end":{"line":139,"column":8}},"34":{"start":{"line":137,"column":4},"end":{"line":137,"column":46}},"35":{"start":{"line":137,"column":39},"end":{"line":137,"column":44}},"36":{"start":{"line":138,"column":4},"end":{"line":138,"column":37}},"37":{"start":{"line":141,"column":30},"end":{"line":144,"column":8}},"38":{"start":{"line":142,"column":4},"end":{"line":142,"column":35}},"39":{"start":{"line":143,"column":4},"end":{"line":143,"column":37}},"40":{"start":{"line":146,"column":16},"end":{"line":165,"column":null}},"41":{"start":{"line":147,"column":11},"end":{"line":156,"column":6}},"42":{"start":{"line":167,"column":2},"end":{"line":169,"column":4}},"43":{"start":{"line":90,"column":13},"end":{"line":90,"column":63}},"44":{"start":{"line":173,"column":14},"end":{"line":173,"column":46}},"45":{"start":{"line":174,"column":2},"end":{"line":178,"column":3}},"46":{"start":{"line":175,"column":4},"end":{"line":177,"column":6}},"47":{"start":{"line":179,"column":2},"end":{"line":179,"column":13}}},"fnMap":{"0":{"name":"getCurrentAssistantState","decl":{"start":{"line":56,"column":16},"end":{"line":56,"column":40}},"loc":{"start":{"line":56,"column":40},"end":{"line":58,"column":1}}},"1":{"name":"applyRestoredAssistantState","decl":{"start":{"line":69,"column":16},"end":{"line":69,"column":43}},"loc":{"start":{"line":69,"column":69},"end":{"line":71,"column":1}}},"2":{"name":"registerAssistantStateChangeListener","decl":{"start":{"line":82,"column":16},"end":{"line":82,"column":52}},"loc":{"start":{"line":82,"column":67},"end":{"line":84,"column":1}}},"3":{"name":"clearAssistantStateChangeListener","decl":{"start":{"line":86,"column":16},"end":{"line":86,"column":49}},"loc":{"start":{"line":86,"column":49},"end":{"line":88,"column":1}}},"4":{"name":"(anonymous_13)","decl":{"start":{"line":90,"column":63},"end":{"line":90,"column":64}},"loc":{"start":{"line":95,"column":5},"end":{"line":170,"column":1}}},"5":{"name":"(anonymous_14)","decl":{"start":{"line":107,"column":18},"end":{"line":107,"column":21}},"loc":{"start":{"line":107,"column":23},"end":{"line":110,"column":3}}},"6":{"name":"(anonymous_15)","decl":{"start":{"line":116,"column":18},"end":{"line":116,"column":21}},"loc":{"start":{"line":116,"column":23},"end":{"line":124,"column":3}}},"7":{"name":"(anonymous_16)","decl":{"start":{"line":117,"column":34},"end":{"line":117,"column":35}},"loc":{"start":{"line":117,"column":44},"end":{"line":120,"column":5}}},"8":{"name":"(anonymous_17)","decl":{"start":{"line":121,"column":11},"end":{"line":121,"column":14}},"loc":{"start":{"line":121,"column":16},"end":{"line":123,"column":5}}},"9":{"name":"(anonymous_18)","decl":{"start":{"line":127,"column":4},"end":{"line":127,"column":7}},"loc":{"start":{"line":127,"column":10},"end":{"line":127,"column":41}}},"10":{"name":"(anonymous_19)","decl":{"start":{"line":127,"column":25},"end":{"line":127,"column":26}},"loc":{"start":{"line":127,"column":35},"end":{"line":127,"column":40}}},"11":{"name":"(anonymous_20)","decl":{"start":{"line":131,"column":48},"end":{"line":131,"column":49}},"loc":{"start":{"line":131,"column":66},"end":{"line":134,"column":3}}},"12":{"name":"(anonymous_21)","decl":{"start":{"line":136,"column":47},"end":{"line":136,"column":50}},"loc":{"start":{"line":136,"column":52},"end":{"line":139,"column":3}}},"13":{"name":"(anonymous_22)","decl":{"start":{"line":137,"column":29},"end":{"line":137,"column":30}},"loc":{"start":{"line":137,"column":39},"end":{"line":137,"column":44}}},"14":{"name":"(anonymous_23)","decl":{"start":{"line":141,"column":48},"end":{"line":141,"column":49}},"loc":{"start":{"line":141,"column":65},"end":{"line":144,"column":3}}},"15":{"name":"(anonymous_24)","decl":{"start":{"line":147,"column":4},"end":{"line":147,"column":7}},"loc":{"start":{"line":147,"column":11},"end":{"line":156,"column":6}}},"16":{"name":"useUIState","decl":{"start":{"line":172,"column":16},"end":{"line":172,"column":26}},"loc":{"start":{"line":172,"column":26},"end":{"line":180,"column":1}}}},"branchMap":{"0":{"loc":{"start":{"line":92,"column":2},"end":{"line":92,"column":33}},"type":"default-arg","locations":[{"start":{"line":92,"column":28},"end":{"line":92,"column":33}}]},"1":{"loc":{"start":{"line":93,"column":2},"end":{"line":93,"column":30}},"type":"default-arg","locations":[{"start":{"line":93,"column":28},"end":{"line":93,"column":30}}]},"2":{"loc":{"start":{"line":174,"column":2},"end":{"line":178,"column":3}},"type":"if","locations":[{"start":{"line":174,"column":2},"end":{"line":178,"column":3}},{"start":{},"end":{}}]}},"s":{"0":1,"1":1,"2":1,"3":1,"4":1,"5":1,"6":1,"7":1,"8":0,"9":1,"10":0,"11":1,"12":0,"13":0,"14":1,"15":0,"16":0,"17":0,"18":0,"19":0,"20":0,"21":0,"22":0,"23":0,"24":0,"25":0,"26":0,"27":0,"28":0,"29":0,"30":0,"31":0,"32":0,"33":0,"34":0,"35":0,"36":0,"37":0,"38":0,"39":0,"40":0,"41":0,"42":0,"43":1,"44":0,"45":0,"46":0,"47":0},"f":{"0":0,"1":0,"2":0,"3":0,"4":0,"5":0,"6":0,"7":0,"8":0,"9":0,"10":0,"11":0,"12":0,"13":0,"14":0,"15":0,"16":0},"b":{"0":[0],"1":[0],"2":[0,0]}}
}
