TN:
SF:src\browser\util.ts
FN:14,(anonymous_0)
FN:15,(anonymous_1)
FN:16,(anonymous_2)
FN:17,(anonymous_3)
FN:18,(anonymous_4)
FN:28,debounce
FN:33,(anonymous_6)
FN:38,(anonymous_7)
FN:52,randomNumber
FN:62,getTimestamp
FN:76,formatHTML
FN:101,getOSPlatform
FN:113,getExecutionBridge
FN:127,selfRender
FN:149,basename
FN:153,withMdExtension
FN:168,syncPreviewToExportSettings
FNF:17
FNH:0
FNDA:0,(anonymous_0)
FNDA:0,(anonymous_1)
FNDA:0,(anonymous_2)
FNDA:0,(anonymous_3)
FNDA:0,(anonymous_4)
FNDA:0,debounce
FNDA:0,(anonymous_6)
FNDA:0,(anonymous_7)
FNDA:0,randomNumber
FNDA:0,getTimestamp
FNDA:0,formatHTML
FNDA:0,getOSPlatform
FNDA:0,getExecutionBridge
FNDA:0,selfRender
FNDA:0,basename
FNDA:0,withMdExtension
FNDA:0,syncPreviewToExportSettings
DA:13,1
DA:14,0
DA:15,0
DA:16,0
DA:17,0
DA:18,0
DA:28,1
DA:32,0
DA:33,0
DA:34,0
DA:35,0
DA:38,0
DA:39,0
DA:40,0
DA:52,1
DA:53,0
DA:62,1
DA:63,0
DA:68,0
DA:76,1
DA:77,0
DA:78,0
DA:79,0
DA:81,0
DA:82,0
DA:83,0
DA:86,0
DA:88,0
DA:89,0
DA:93,0
DA:101,1
DA:102,0
DA:103,0
DA:104,0
DA:105,0
DA:113,1
DA:114,0
DA:118,0
DA:121,0
DA:127,1
DA:134,0
DA:149,1
DA:150,0
DA:153,1
DA:154,0
DA:155,0
DA:156,0
DA:159,0
DA:168,1
DA:172,0
DA:174,0
DA:175,0
DA:178,0
DA:179,0
LF:54
LH:11
BRDA:13,0,0,1
BRDA:13,0,1,1
BRDA:34,1,0,0
BRDA:34,1,1,0
BRDA:62,2,0,0
BRDA:66,3,0,0
BRDA:66,3,1,0
BRDA:68,4,0,0
BRDA:68,4,1,0
BRDA:82,5,0,0
BRDA:82,5,1,0
BRDA:88,6,0,0
BRDA:88,6,1,0
BRDA:88,7,0,0
BRDA:88,7,1,0
BRDA:103,8,0,0
BRDA:103,8,1,0
BRDA:104,9,0,0
BRDA:104,9,1,0
BRDA:105,10,0,0
BRDA:105,10,1,0
BRDA:114,11,0,0
BRDA:114,11,1,0
BRDA:115,12,0,0
BRDA:115,12,1,0
BRDA:150,13,0,0
BRDA:150,13,1,0
BRDA:155,14,0,0
BRDA:155,14,1,0
BRDA:174,15,0,0
BRDA:174,15,1,0
BRF:31
BRH:2
end_of_record
TN:
SF:src\browser\core\BridgeListeners.ts
FN:24,registerBridgeListeners
FN:33,(anonymous_1)
FN:54,(anonymous_2)
FN:63,(anonymous_3)
FN:72,(anonymous_4)
FN:73,(anonymous_5)
FN:74,(anonymous_6)
FN:75,(anonymous_7)
FN:78,(anonymous_8)
FN:92,(anonymous_9)
FN:101,(anonymous_10)
FN:139,(anonymous_11)
FN:144,(anonymous_12)
FN:148,(anonymous_13)
FN:158,(anonymous_14)
FN:164,(anonymous_15)
FN:181,(anonymous_16)
FN:191,(anonymous_17)
FN:229,(anonymous_18)
FN:237,(anonymous_19)
FNF:20
FNH:3
FNDA:9,registerBridgeListeners
FNDA:0,(anonymous_1)
FNDA:0,(anonymous_2)
FNDA:0,(anonymous_3)
FNDA:0,(anonymous_4)
FNDA:0,(anonymous_5)
FNDA:0,(anonymous_6)
FNDA:0,(anonymous_7)
FNDA:0,(anonymous_8)
FNDA:0,(anonymous_9)
FNDA:0,(anonymous_10)
FNDA:0,(anonymous_11)
FNDA:0,(anonymous_12)
FNDA:0,(anonymous_13)
FNDA:0,(anonymous_14)
FNDA:0,(anonymous_15)
FNDA:0,(anonymous_16)
FNDA:8,(anonymous_17)
FNDA:1,(anonymous_18)
FNDA:0,(anonymous_19)
DA:1,1
DA:11,1
DA:15,1
DA:16,1
DA:17,1
DA:18,1
DA:19,1
DA:24,1
DA:33,9
DA:34,0
DA:38,0
DA:42,0
DA:46,0
DA:54,9
DA:55,0
DA:56,0
DA:63,9
DA:64,0
DA:65,0
DA:66,0
DA:72,9
DA:73,9
DA:74,9
DA:75,9
DA:78,9
DA:79,0
DA:80,0
DA:81,0
DA:82,0
DA:84,0
DA:88,0
DA:92,9
DA:101,9
DA:102,0
DA:103,0
DA:107,0
DA:109,0
DA:110,0
DA:111,0
DA:112,0
DA:118,0
DA:119,0
DA:120,0
DA:121,0
DA:122,0
DA:126,0
DA:127,0
DA:128,0
DA:129,0
DA:130,0
DA:132,0
DA:133,0
DA:134,0
DA:139,9
DA:140,0
DA:144,9
DA:148,9
DA:149,0
DA:158,9
DA:159,0
DA:160,0
DA:161,0
DA:162,0
DA:164,0
DA:165,0
DA:170,0
DA:173,0
DA:174,0
DA:176,0
DA:181,9
DA:182,0
DA:191,9
DA:192,8
DA:193,2
DA:200,8
DA:207,8
DA:208,7
DA:210,8
DA:211,8
DA:214,1
DA:215,1
DA:220,8
DA:221,8
DA:222,0
DA:229,9
DA:230,1
DA:235,9
DA:238,0
LF:88
LH:38
BRDA:35,0,0,0
BRDA:35,0,1,0
BRDA:39,1,0,0
BRDA:39,1,1,0
BRDA:43,2,0,0
BRDA:43,2,1,0
BRDA:55,3,0,0
BRDA:55,3,1,0
BRDA:79,4,0,0
BRDA:79,4,1,0
BRDA:80,5,0,0
BRDA:80,5,1,0
BRDA:80,6,0,0
BRDA:80,6,1,0
BRDA:88,7,0,0
BRDA:88,7,1,0
BRDA:102,8,0,0
BRDA:102,8,1,0
BRDA:103,9,0,0
BRDA:103,9,1,0
BRDA:107,10,0,0
BRDA:107,10,1,0
BRDA:118,11,0,0
BRDA:118,11,1,0
BRDA:118,12,0,0
BRDA:118,12,1,0
BRDA:159,13,0,0
BRDA:159,13,1,0
BRDA:165,14,0,0
BRDA:165,14,1,0
BRDA:167,15,0,0
BRDA:167,15,1,0
BRDA:170,16,0,0
BRDA:170,16,1,0
BRDA:170,17,0,0
BRDA:170,17,1,0
BRDA:173,18,0,0
BRDA:173,18,1,0
BRDA:192,19,0,2
BRDA:192,19,1,6
BRDA:192,20,0,8
BRDA:192,20,1,8
BRDA:200,21,0,8
BRDA:200,21,1,0
BRDA:207,22,0,7
BRDA:207,22,1,1
BRDA:211,23,0,1
BRDA:211,23,1,7
BRDA:221,24,0,0
BRDA:221,24,1,8
BRF:50
BRH:10
end_of_record
TN:
SF:src\browser\react\contexts\UIStateContext.tsx
FN:56,getCurrentAssistantState
FN:69,applyRestoredAssistantState
FN:82,registerAssistantStateChangeListener
FN:86,clearAssistantStateChangeListener
FN:90,(anonymous_13)
FN:107,(anonymous_14)
FN:116,(anonymous_15)
FN:117,(anonymous_16)
FN:121,(anonymous_17)
FN:127,(anonymous_18)
FN:127,(anonymous_19)
FN:131,(anonymous_20)
FN:136,(anonymous_21)
FN:137,(anonymous_22)
FN:141,(anonymous_23)
FN:147,(anonymous_24)
FN:172,useUIState
FNF:17
FNH:0
FNDA:0,getCurrentAssistantState
FNDA:0,applyRestoredAssistantState
FNDA:0,registerAssistantStateChangeListener
FNDA:0,clearAssistantStateChangeListener
FNDA:0,(anonymous_13)
FNDA:0,(anonymous_14)
FNDA:0,(anonymous_15)
FNDA:0,(anonymous_16)
FNDA:0,(anonymous_17)
FNDA:0,(anonymous_18)
FNDA:0,(anonymous_19)
FNDA:0,(anonymous_20)
FNDA:0,(anonymous_21)
FNDA:0,(anonymous_22)
FNDA:0,(anonymous_23)
FNDA:0,(anonymous_24)
FNDA:0,useUIState
DA:1,1
DA:23,1
DA:51,1
DA:56,1
DA:57,0
DA:67,1
DA:69,1
DA:70,0
DA:80,1
DA:82,1
DA:83,0
DA:86,1
DA:87,0
DA:90,1
DA:96,0
DA:97,0
DA:100,0
DA:107,0
DA:108,0
DA:109,0
DA:116,0
DA:117,0
DA:118,0
DA:119,0
DA:121,0
DA:122,0
DA:126,0
DA:127,0
DA:131,0
DA:132,0
DA:133,0
DA:136,0
DA:137,0
DA:138,0
DA:141,0
DA:142,0
DA:143,0
DA:146,0
DA:147,0
DA:167,0
DA:172,1
DA:173,0
DA:174,0
DA:175,0
DA:179,0
LF:45
LH:11
BRDA:92,0,0,0
BRDA:93,1,0,0
BRDA:174,2,0,0
BRDA:174,2,1,0
BRF:4
BRH:0
end_of_record
